{"message":"The url return a wrong status code. Maybe the website is down for the moment.","level":"info"}
{"message":{"url":"https://www.animeland.us/?s=stream"},"level":"info"}
{"message":"The url return a wrong status code. Maybe the website is down for the moment.","level":"info"}
{"message":{"url":"https://www.animeout.xyz/?s=stream"},"level":"info"}
{"message":"The url return a wrong status code. Maybe the website is down for the moment.","level":"info"}
{"message":{"url":"http://www.chia-anime.me/mysearch.php?nocache&s=&search=stream"},"level":"info"}
{"message":"The url return a wrong status code. Maybe the website is down for the moment.","level":"info"}
{"message":{"url":"https://www.animeland.us/?s=naruto"},"level":"info"}
{"message":"The url return a wrong status code. Maybe the website is down for the moment.","level":"info"}
{"message":{"url":"https://www.animeout.xyz/?s=naruto"},"level":"info"}
{"message":"The url return a wrong status code. Maybe the website is down for the moment.","level":"info"}
{"message":{"url":"http://www.chia-anime.me/mysearch.php?nocache&s=&search=naruto"},"level":"info"}
{"message":"The url return a wrong status code. Maybe the website is down for the moment.","level":"info"}
{"message":{"url":"https://www.animeland.us/?s=str"},"level":"info"}
{"message":"The url return a wrong status code. Maybe the website is down for the moment.","level":"info"}
{"message":{"url":"https://www.animeout.xyz/?s=str"},"level":"info"}
{"message":"The url return a wrong status code. Maybe the website is down for the moment.","level":"info"}
{"message":{"url":"http://www.chia-anime.me/mysearch.php?nocache&s=&search=str"},"level":"info"}
{"message":"The url return a wrong status code. Maybe the website is down for the moment.","level":"info"}
{"message":{"url":"http://www.chia-anime.me/mysearch.php?nocache&s=&search=swordartonline"},"level":"info"}
{"message":"The url return a wrong status code. Maybe the website is down for the moment.","level":"info"}
{"message":{"url":"http://www.chia-anime.me/mysearch.php?nocache&s=&search=sao"},"level":"info"}
{"message":"The url return a wrong status code. Maybe the website is down for the moment.","level":"info"}
{"message":{"url":"https://www.animeout.xyz/?s=str"},"level":"info"}
{"message":"The url return a wrong status code. Maybe the website is down for the moment.","level":"info"}
{"message":{"url":"https://www.animeland.us/?s=str"},"level":"info"}
{"message":"The url return a wrong status code. Maybe the website is down for the moment.","level":"info"}
{"message":{"url":"http://www.chia-anime.me/mysearch.php?nocache&s=&search=str"},"level":"info"}
{"message":"The url return a wrong status code. Maybe the website is down for the moment.","level":"info"}
{"message":{"url":"https://www.animeout.xyz/?s=str"},"level":"info"}
{"message":"The url return a wrong status code. Maybe the website is down for the moment.","level":"info"}
{"message":{"url":"https://www.animeland.us/?s=str"},"level":"info"}
{"message":"The url return a wrong status code. Maybe the website is down for the moment.","level":"info"}
{"message":{"url":"http://www.chia-anime.me/mysearch.php?nocache&s=&search=str"},"level":"info"}
{"message":"The url return a wrong status code. Maybe the website is down for the moment.","level":"info"}
{"message":{"url":"https://www.animeout.xyz/?s=str"},"level":"info"}
{"message":"The url return a wrong status code. Maybe the website is down for the moment.","level":"info"}
{"message":{"url":"https://www.animeland.us/?s=str"},"level":"info"}
{"message":"The url return a wrong status code. Maybe the website is down for the moment.","level":"info"}
{"message":{"url":"http://www.chia-anime.me/mysearch.php?nocache&s=&search=str"},"level":"info"}
{"message":"The url return a wrong status code. Maybe the website is down for the moment.","level":"info"}
{"message":{"url":"https://www.animeout.xyz/?s=str"},"level":"info"}
{"message":"The url return a wrong status code. Maybe the website is down for the moment.","level":"info"}
{"message":{"url":"https://www.animeland.us/?s=str"},"level":"info"}
{"message":"The url return a wrong status code. Maybe the website is down for the moment.","level":"info"}
{"message":{"url":"http://www.chia-anime.me/mysearch.php?nocache&s=&search=str"},"level":"info"}
{"message":"The url return a wrong status code. Maybe the website is down for the moment.","level":"info"}
{"message":{"url":"https://www.animeland.us/?s=str"},"level":"info"}
{"message":"The url return a wrong status code. Maybe the website is down for the moment.","level":"info"}
{"message":{"url":"https://www.animeout.xyz/?s=str"},"level":"info"}
{"message":"The url return a wrong status code. Maybe the website is down for the moment.","level":"info"}
{"message":{"url":"http://www.chia-anime.me/mysearch.php?nocache&s=&search=str"},"level":"info"}
{"message":"The url return a wrong status code. Maybe the website is down for the moment.","level":"info"}
{"message":{"url":"https://www.animeout.xyz/?s=str"},"level":"info"}
{"message":"The url return a wrong status code. Maybe the website is down for the moment.","level":"info"}
{"message":{"url":"https://www.animeland.us/?s=str"},"level":"info"}
{"message":"The url return a wrong status code. Maybe the website is down for the moment.","level":"info"}
{"message":{"url":"http://www.chia-anime.me/mysearch.php?nocache&s=&search=str"},"level":"info"}
{"message":"The url return a wrong status code. Maybe the website is down for the moment.","level":"info"}
{"message":{"url":"https://www.animeland.us/?s=sword-art-online"},"level":"info"}
{"message":"The url return a wrong status code. Maybe the website is down for the moment.","level":"info"}
{"message":{"url":"http://www.chia-anime.me/mysearch.php?nocache&s=&search=sword-art-online"},"level":"info"}
{"message":"The url return a wrong status code. Maybe the website is down for the moment.","level":"info"}
{"message":{"url":"https://www.animeland.us/?s=naruto"},"level":"info"}
{"message":"The url return a wrong status code. Maybe the website is down for the moment.","level":"info"}
{"message":{"url":"http://www.chia-anime.me/mysearch.php?nocache&s=&search=naruto"},"level":"info"}
{"message":"The url return a wrong status code. Maybe the website is down for the moment.","level":"info"}
{"message":{"url":"https://www.animeland.us/?s=naruto%20shippuden"},"level":"info"}
{"message":"The url return a wrong status code. Maybe the website is down for the moment.","level":"info"}
{"message":{"url":"https://www.animeout.xyz/?s=naruto%20shippuden"},"level":"info"}
{"message":"The url return a wrong status code. Maybe the website is down for the moment.","level":"info"}
{"message":{"url":"http://www.chia-anime.me/mysearch.php?nocache&s=&search=naruto%20shippuden"},"level":"info"}
{"message":"The url return a wrong status code. Maybe the website is down for the moment.","level":"info"}
{"message":{"url":"https://www.animeout.xyz/?s=naruto%20shippuden"},"level":"info"}
{"message":"The url return a wrong status code. Maybe the website is down for the moment.","level":"info"}
{"message":{"url":"https://www.animeland.us/?s=naruto%20shippuden"},"level":"info"}
{"message":"The url return a wrong status code. Maybe the website is down for the moment.","level":"info"}
{"message":{"url":"http://www.chia-anime.me/mysearch.php?nocache&s=&search=naruto%20shippuden"},"level":"info"}
{"message":"The url return a wrong status code. Maybe the website is down for the moment.","level":"info"}
{"message":{"url":"https://www.animeout.xyz/?s=sword%20art%20online"},"level":"info"}
{"message":"The url return a wrong status code. Maybe the website is down for the moment.","level":"info"}
{"message":{"url":"https://www.animeland.us/?s=sword%20art%20online"},"level":"info"}
{"message":"The url return a wrong status code. Maybe the website is down for the moment.","level":"info"}
{"message":{"url":"http://www.chia-anime.me/mysearch.php?nocache&s=&search=sword%20art%20online"},"level":"info"}
{"message":"The url return a wrong status code. Maybe the website is down for the moment.","level":"info"}
{"message":{"url":"https://www.animeout.xyz/?s=sao"},"level":"info"}
{"message":"The url return a wrong status code. Maybe the website is down for the moment.","level":"info"}
{"message":{"url":"https://www.animeland.us/?s=sao"},"level":"info"}
{"message":"The url return a wrong status code. Maybe the website is down for the moment.","level":"info"}
{"message":{"url":"http://www.chia-anime.me/mysearch.php?nocache&s=&search=sao"},"level":"info"}
{"message":"The url return a wrong status code. Maybe the website is down for the moment.","level":"info"}
{"message":{"url":"http://www.chia-anime.me/mysearch.php?nocache&s=&search=sword-art-online"},"level":"info"}
{"message":"The url return a wrong status code. Maybe the website is down for the moment.","level":"info"}
{"message":{"url":"https://www.animeland.us/?s=naruto%20shippuden"},"level":"info"}
{"message":"The url return a wrong status code. Maybe the website is down for the moment.","level":"info"}
{"message":{"url":"http://www.chia-anime.me/mysearch.php?nocache&s=&search=naruto%20shippuden"},"level":"info"}
{"message":"The url return a wrong status code. Maybe the website is down for the moment.","level":"info"}
{"message":{"url":"https://www.animeland.us/?s=naruto%20shippuden"},"level":"info"}
{"message":"The url return a wrong status code. Maybe the website is down for the moment.","level":"info"}
{"message":{"url":"http://www.chia-anime.me/mysearch.php?nocache&s=&search=naruto%20shippuden"},"level":"info"}
{"message":"The url return a wrong status code. Maybe the website is down for the moment.","level":"info"}
{"message":{"url":"https://www.animeland.us/?s=naruto%20shippuden"},"level":"info"}
{"message":"The url return a wrong status code. Maybe the website is down for the moment.","level":"info"}
{"message":{"url":"http://www.chia-anime.me/mysearch.php?nocache&s=&search=naruto%20shippuden"},"level":"info"}
{"message":"The url return a wrong status code. Maybe the website is down for the moment.","level":"info"}
{"message":{"url":"https://www.animeland.us/?s=naruto%20shippuden"},"level":"info"}
{"message":"The url return a wrong status code. Maybe the website is down for the moment.","level":"info"}
{"message":{"url":"http://www.chia-anime.me/mysearch.php?nocache&s=&search=naruto%20shippuden"},"level":"info"}
{"message":"The url return a wrong status code. Maybe the website is down for the moment.","level":"info"}
{"message":{"url":"https://www.animeland.us/?s=jujutsu%20kaise"},"level":"info"}
{"message":"The url return a wrong status code. Maybe the website is down for the moment.","level":"info"}
{"message":{"url":"https://www.animeout.xyz/?s=jujutsu%20kaise"},"level":"info"}
{"message":"The url return a wrong status code. Maybe the website is down for the moment.","level":"info"}
{"message":{"url":"http://www.chia-anime.me/mysearch.php?nocache&s=&search=jujutsu%20kaise"},"level":"info"}
{"message":"The url return a wrong status code. Maybe the website is down for the moment.","level":"info"}
{"message":{"url":"https://www.animeland.us/?s=jujutsu%20kaisen"},"level":"info"}
{"message":"The url return a wrong status code. Maybe the website is down for the moment.","level":"info"}
{"message":{"url":"http://www.chia-anime.me/mysearch.php?nocache&s=&search=jujutsu%20kaisen"},"level":"info"}
{"message":"The url return a wrong status code. Maybe the website is down for the moment.","level":"info"}
{"message":{"url":"https://www.animeland.us/?s=jujutsu%20kaisen"},"level":"info"}
{"message":"The url return a wrong status code. Maybe the website is down for the moment.","level":"info"}
{"message":{"url":"http://www.chia-anime.me/mysearch.php?nocache&s=&search=jujutsu%20kaisen"},"level":"info"}
{"message":"The url return a wrong status code. Maybe the website is down for the moment.","level":"info"}
{"message":{"url":"https://www.animeland.us/?s=naruto%20shippuden"},"level":"info"}
{"message":"The url return a wrong status code. Maybe the website is down for the moment.","level":"info"}
{"message":{"url":"http://www.chia-anime.me/mysearch.php?nocache&s=&search=naruto%20shippuden"},"level":"info"}
{"message":"The url return a wrong status code. Maybe the website is down for the moment.","level":"info"}
{"message":{"url":"https://www.animeland.us/?s=naruto%20shippuden"},"level":"info"}
{"message":"The url return a wrong status code. Maybe the website is down for the moment.","level":"info"}
{"message":{"url":"http://www.chia-anime.me/mysearch.php?nocache&s=&search=naruto%20shippuden"},"level":"info"}
{"message":"The url return a wrong status code. Maybe the website is down for the moment.","level":"info"}
{"message":{"url":"https://www.animeland.us/?s=naruto%20shippuden"},"level":"info"}
{"message":"The url return a wrong status code. Maybe the website is down for the moment.","level":"info"}
{"message":{"url":"http://www.chia-anime.me/mysearch.php?nocache&s=&search=naruto%20shippuden"},"level":"info"}
{"message":"The url return a wrong status code. Maybe the website is down for the moment.","level":"info"}
{"message":{"url":"https://www.animeland.us/?s=naruto%20shippuden"},"level":"info"}
{"message":"The url return a wrong status code. Maybe the website is down for the moment.","level":"info"}
{"message":{"url":"http://www.chia-anime.me/mysearch.php?nocache&s=&search=naruto%20shippuden"},"level":"info"}
{"message":"The url return a wrong status code. Maybe the website is down for the moment.","level":"info"}
{"message":{"url":"https://www.animeland.us/?s=naruto"},"level":"info"}
{"message":"The url return a wrong status code. Maybe the website is down for the moment.","level":"info"}
{"message":{"url":"http://www.chia-anime.me/mysearch.php?nocache&s=&search=naruto"},"level":"info"}
{"message":"The url return a wrong status code. Maybe the website is down for the moment.","level":"info"}
{"message":{"url":"http://www.chia-anime.me/mysearch.php?nocache&s=&search=naruto"},"level":"info"}
{"message":"The url return a wrong status code. Maybe the website is down for the moment.","level":"info"}
{"message":{"url":"https://www.animeland.us/?s=naruto%20shippuden"},"level":"info"}
{"message":"The url return a wrong status code. Maybe the website is down for the moment.","level":"info"}
{"message":{"url":"http://www.chia-anime.me/mysearch.php?nocache&s=&search=naruto%20shippuden"},"level":"info"}
{"message":"The url return a wrong status code. Maybe the website is down for the moment.","level":"info"}
{"message":{"url":"https://www.animeland.us/?s=jujust%20kaisen"},"level":"info"}
{"message":"The url return a wrong status code. Maybe the website is down for the moment.","level":"info"}
{"message":{"url":"http://www.chia-anime.me/mysearch.php?nocache&s=&search=jujust%20kaisen"},"level":"info"}
{"message":"The url return a wrong status code. Maybe the website is down for the moment.","level":"info"}
{"message":{"url":"https://www.animeout.xyz/?s=naruto%20movie"},"level":"info"}
{"message":"The url return a wrong status code. Maybe the website is down for the moment.","level":"info"}
{"message":{"url":"https://www.animeland.us/?s=naruto%20movie"},"level":"info"}
{"message":"The url return a wrong status code. Maybe the website is down for the moment.","level":"info"}
{"message":{"url":"http://www.chia-anime.me/mysearch.php?nocache&s=&search=naruto%20movie"},"level":"info"}
{"message":"The url return a wrong status code. Maybe the website is down for the moment.","level":"info"}
{"message":{"url":"https://www.animeout.xyz/?s=naruto%20movie"},"level":"info"}
{"message":"The url return a wrong status code. Maybe the website is down for the moment.","level":"info"}
{"message":{"url":"https://www.animeland.us/?s=naruto%20movie"},"level":"info"}
{"message":"The url return a wrong status code. Maybe the website is down for the moment.","level":"info"}
{"message":{"url":"http://www.chia-anime.me/mysearch.php?nocache&s=&search=naruto%20movie"},"level":"info"}
{"message":"The url return a wrong status code. Maybe the website is down for the moment.","level":"info"}
{"message":{"url":"https://www.animeout.xyz/?s=naruto%20boruto"},"level":"info"}
{"message":"The url return a wrong status code. Maybe the website is down for the moment.","level":"info"}
{"message":{"url":"https://www.animeland.us/?s=naruto%20boruto"},"level":"info"}
{"message":"The url return a wrong status code. Maybe the website is down for the moment.","level":"info"}
{"message":{"url":"http://www.chia-anime.me/mysearch.php?nocache&s=&search=naruto%20boruto"},"level":"info"}
{"message":"The url return a wrong status code. Maybe the website is down for the moment.","level":"info"}
{"message":{"url":"https://www.animeout.xyz/?s=jujutsu%20kaisen"},"level":"info"}
{"message":"The url return a wrong status code. Maybe the website is down for the moment.","level":"info"}
{"message":{"url":"https://www.animeland.us/?s=jujutsu%20kaisen"},"level":"info"}
{"message":"The url return a wrong status code. Maybe the website is down for the moment.","level":"info"}
{"message":{"url":"http://www.chia-anime.me/mysearch.php?nocache&s=&search=jujutsu%20kaisen"},"level":"info"}
{"message":"The url return a wrong status code. Maybe the website is down for the moment.","level":"info"}
{"message":{"url":"/genre/cars.html"},"level":"info"}
{"message":"The url return a wrong status code. Maybe the website is down for the moment.","level":"info"}
{"message":{"url":"https://www.animeland.us/?s=naruto"},"level":"info"}
{"message":"The url return a wrong status code. Maybe the website is down for the moment.","level":"info"}
{"message":{"url":"https://www.animeland.us/?s=str"},"level":"info"}
{"message":"The url return a wrong status code. Maybe the website is down for the moment.","level":"info"}
{"message":{"url":"http://www.chia-anime.me/mysearch.php?nocache&s=&search=str"},"level":"info"}
{"message":"The url return a wrong status code. Maybe the website is down for the moment.","level":"info"}
{"message":{"url":"https://www.animefreak.tv/search/topsearch?q=str"},"level":"info"}
